
                            < M A T L A B (R) >
                  Copyright 1984-2020 The MathWorks, Inc.
                  R2020a (9.8.0.1323502) 64-bit (glnxa64)
                             February 25, 2020

 
To get started, type doc.
For product information, visit www.mathworks.com.
 
>> >> >> 
m =

    63

in sphere patch
in sphere patch
in sphere patch
in sphere patch
in sphere patch
in sphere patch

ini_center =

    2.0000    2.0000    2.0000


tot_xdisp =

   5.0000e-04


nts =

     1


after_center =

    2.0000    2.0000    2.0000


tot_xdisp =

   1.0000e-03


nts =

     2


after_center =

    2.0000    2.0000    2.0000


tot_xdisp =

    0.0015


nts =

     3


after_center =

    2.0000    2.0000    2.0000


tot_xdisp =

    0.0020


nts =

     4


after_center =

    2.0000    2.0000    2.0000


tot_xdisp =

    0.0025


nts =

     5


after_center =

    2.0000    2.0000    2.0000


tot_xdisp =

    0.0030


nts =

     6


after_center =

    2.0000    2.0000    2.0000


tot_xdisp =

    0.0035


nts =

     7


after_center =

    2.0000    2.0000    2.0000


tot_xdisp =

    0.0040


nts =

     8


after_center =

    2.0000    2.0000    2.0000


tot_xdisp =

    0.0045


nts =

     9


after_center =

    2.0000    2.0000    2.0000

